<?xml version="1.0" encoding="UTF-8"?>
<!-- Generated by org.testng.reporters.JUnitXMLReporter -->
<testsuite ignored="1" hostname="Veronika" failures="0" tests="1" name="NegativeTests" time="21.877" errors="0" timestamp="2019-12-24T21:48:52 MSK">
  <testcase classname="com.herokuapp.theinternet.NegativeTests" name="negativeUsernameTest" time="21.827"/>
  <testcase classname="com.herokuapp.theinternet.NegativeTests" name="negativePasswordTest" time="0.0">
    <ignored/>
  </testcase> <!-- negativePasswordTest -->
</testsuite> <!-- NegativeTests -->
