<?xml version="1.0" encoding="UTF-8"?>
<!-- Generated by org.testng.reporters.JUnitXMLReporter -->
<testsuite ignored="1" hostname="Veronika" failures="0" tests="1" name="NegativeUsernameTests" time="22.321" errors="0" timestamp="2019-12-30T22:44:42 MSK">
  <testcase classname="com.herokuapp.theinternet.LoginTests" name="negativeLoginTest" time="8.077"/>
  <testcase classname="com.herokuapp.theinternet.LoginTests" name="positiveLoginTest" time="0.0">
    <ignored/>
  </testcase> <!-- positiveLoginTest -->
</testsuite> <!-- NegativeUsernameTests -->
