<?xml version="1.0" encoding="UTF-8"?>
<!-- Generated by org.testng.reporters.JUnitXMLReporter -->
<testsuite ignored="1" hostname="Veronika" failures="0" tests="1" name="NegativePasswordTests" time="16.776" errors="0" timestamp="2019-12-30T22:44:59 MSK">
  <testcase classname="com.herokuapp.theinternet.LoginTests" name="negativeLoginTest" time="5.665"/>
  <testcase classname="com.herokuapp.theinternet.LoginTests" name="positiveLoginTest" time="0.0">
    <ignored/>
  </testcase> <!-- positiveLoginTest -->
</testsuite> <!-- NegativePasswordTests -->
