<?xml version="1.0" encoding="UTF-8"?>
<!-- Generated by org.testng.reporters.JUnitXMLReporter -->
<testsuite ignored="1" hostname="Veronika" failures="0" tests="1" name="PositiveTests" time="40.46" errors="0" timestamp="2019-12-30T22:44:20 MSK">
  <testcase classname="com.herokuapp.theinternet.LoginTests" name="positiveLoginTest" time="9.692"/>
  <testcase classname="com.herokuapp.theinternet.LoginTests" name="negativeLoginTest" time="0.0">
    <ignored/>
  </testcase> <!-- negativeLoginTest -->
</testsuite> <!-- PositiveTests -->
