<?xml version="1.0" encoding="UTF-8"?>
<!-- Generated by org.testng.reporters.JUnitXMLReporter -->
<testsuite ignored="0" hostname="Veronika" failures="0" tests="2" name="NegativeTests" time="35.109" errors="0" timestamp="2019-12-24T20:54:25 MSK">
  <testcase classname="com.herokuapp.theinternet.NegativeTests" name="negativePasswordTest" time="18.342"/>
  <testcase classname="com.herokuapp.theinternet.NegativeTests" name="negativeUsernameTest" time="16.752"/>
</testsuite> <!-- NegativeTests -->
