<?xml version="1.0" encoding="UTF-8"?>
<testng-results ignored="3" total="4" passed="1" failed="0" skipped="0">
  <reporter-output>
  </reporter-output>
  <suite started-at="2020-01-24T13:28:09 MSK" name="Exceptions Tests Suite" finished-at="2020-01-24T13:28:31 MSK" duration-ms="21875">
    <groups>
    </groups>
    <test started-at="2020-01-24T13:28:09 MSK" name="Esception Tests" finished-at="2020-01-24T13:28:31 MSK" duration-ms="21875">
      <class name="com.herokuapp.theinternet.ExceptionsTests">
        <test-method is-config="true" signature="setUp(java.lang.String)[pri:0, instance:com.herokuapp.theinternet.ExceptionsTests@60dcc9fe]" started-at="2020-01-24T13:28:09 MSK" name="setUp" finished-at="2020-01-24T13:28:16 MSK" duration-ms="6960" status="PASS">
          <params>
            <param index="0">
              <value>
                <![CDATA[firefox]]>
              </value>
            </param>
          </params>
          <reporter-output>
          </reporter-output>
        </test-method> <!-- setUp -->
        <test-method signature="staleElementTest()[pri:4, instance:com.herokuapp.theinternet.ExceptionsTests@60dcc9fe]" started-at="2020-01-24T13:28:16 MSK" name="staleElementTest" finished-at="2020-01-24T13:28:26 MSK" duration-ms="10208" status="PASS">
          <reporter-output>
          </reporter-output>
        </test-method> <!-- staleElementTest -->
        <test-method is-config="true" signature="tearDown()[pri:0, instance:com.herokuapp.theinternet.ExceptionsTests@60dcc9fe]" started-at="2020-01-24T13:28:26 MSK" name="tearDown" finished-at="2020-01-24T13:28:31 MSK" duration-ms="4638" status="PASS">
          <reporter-output>
          </reporter-output>
        </test-method> <!-- tearDown -->
      </class> <!-- com.herokuapp.theinternet.ExceptionsTests -->
    </test> <!-- Esception Tests -->
  </suite> <!-- Exceptions Tests Suite -->
</testng-results>
