<?xml version="1.0" encoding="UTF-8"?>
<!-- Generated by org.testng.reporters.JUnitXMLReporter -->
<testsuite ignored="3" hostname="Veronika" failures="0" tests="1" name="Esception Tests" time="21.875" errors="0" timestamp="2020-01-24T13:28:31 MSK">
  <testcase classname="com.herokuapp.theinternet.ExceptionsTests" name="staleElementTest" time="10.208"/>
  <testcase classname="com.herokuapp.theinternet.ExceptionsTests" name="noSuchElement" time="0.0">
    <ignored/>
  </testcase> <!-- noSuchElement -->
  <testcase classname="com.herokuapp.theinternet.ExceptionsTests" name="timeoutTest" time="0.0">
    <ignored/>
  </testcase> <!-- timeoutTest -->
  <testcase classname="com.herokuapp.theinternet.ExceptionsTests" name="notVisibleTest" time="0.0">
    <ignored/>
  </testcase> <!-- notVisibleTest -->
</testsuite> <!-- Esception Tests -->
