<?xml version="1.0" encoding="UTF-8"?>
<!-- Generated by org.testng.reporters.JUnitXMLReporter -->
<testsuite ignored="1" hostname="Veronika" failures="0" tests="1" name="NotVisibleTest" time="20.773" errors="0" timestamp="2020-01-24T12:36:51 MSK">
  <testcase classname="com.herokuapp.theinternet.ExceptionsTests" name="notVisibleTest" time="9.317"/>
  <testcase classname="com.herokuapp.theinternet.ExceptionsTests" name="timeoutTest" time="0.0">
    <ignored/>
  </testcase> <!-- timeoutTest -->
</testsuite> <!-- NotVisibleTest -->
