<?xml version="1.0" encoding="UTF-8"?>
<!-- Generated by org.testng.reporters.JUnitXMLReporter -->
<testsuite ignored="1" hostname="Veronika" failures="0" tests="1" name="TimeoutTest" time="29.76" errors="0" timestamp="2020-01-24T12:37:21 MSK">
  <testcase classname="com.herokuapp.theinternet.ExceptionsTests" name="timeoutTest" time="9.155"/>
  <testcase classname="com.herokuapp.theinternet.ExceptionsTests" name="notVisibleTest" time="0.0">
    <ignored/>
  </testcase> <!-- notVisibleTest -->
</testsuite> <!-- TimeoutTest -->
